2019-02-28 10:53:37 DEBUG StandardEnvironment:110 - Adding PropertySource 'systemProperties' with lowest search precedence
2019-02-28 10:53:37 DEBUG StandardEnvironment:110 - Adding PropertySource 'systemEnvironment' with lowest search precedence
2019-02-28 10:53:37 DEBUG StandardEnvironment:126 - Initialized StandardEnvironment with PropertySources [MapPropertySource@15210098 {name='systemProperties', properties={java.runtime.name=Java(TM) SE Runtime Environment, sun.boot.library.path=D:\JDK\jre\bin, java.vm.version=25.66-b18, java.vm.vendor=Oracle Corporation, java.vendor.url=http://java.oracle.com/, path.separator=;, java.vm.name=Java HotSpot(TM) Client VM, file.encoding.pkg=sun.io, user.country=CN, user.script=, sun.java.launcher=SUN_STANDARD, sun.os.patch.level=, java.vm.specification.name=Java Virtual Machine Specification, user.dir=D:\SpringStudy\helloworld, java.runtime.version=1.8.0_66-b18, java.awt.graphicsenv=sun.awt.Win32GraphicsEnvironment, java.endorsed.dirs=D:\JDK\jre\lib\endorsed, os.arch=x86, java.io.tmpdir=C:\Users\朱林杰\AppData\Local\Temp\, line.separator=
, java.vm.specification.vendor=Oracle Corporation, user.variant=, os.name=Windows 10, sun.jnu.encoding=GBK, java.library.path=D:\JDK\bin;C:\WINDOWS\Sun\Java\bin;C:\WINDOWS\system32;C:\WINDOWS;C:\Program Files\Microsoft MPI\Bin\;C:\Program Files (x86)\Common Files\Oracle\Java\javapath;D:\JAVA\bin;D:\JAVA\jre\bin;D:\mysql2\MYSQL\130\Tools\Binn\;D:\mysql2\130\Tools\Binn\;D:\mysql2\MYSQL\130\DTS\Binn\;D:\mysql2\130\DTS\Binn\;D:\mysql2\Client SDK\ODBC\130\Tools\Binn\;C:\Windows\System32;C:\Program Files (x86)\NVIDIA Corporation\PhysX\Common;C:\Program Files\NVIDIA Corporation\NVIDIA NvDLISR;D:\Git\cmd;C:\Users\朱林杰\AppData\Local\Microsoft\WindowsApps;;., java.specification.name=Java Platform API Specification, java.class.version=52.0, sun.management.compiler=HotSpot Client Compiler, os.version=10.0, user.home=C:\Users\朱林杰, user.timezone=Asia/Shanghai, java.awt.printerjob=sun.awt.windows.WPrinterJob, file.encoding=UTF-8, java.specification.version=1.8, java.class.path=D:\JDK\jre\lib\charsets.jar;D:\JDK\jre\lib\deploy.jar;D:\JDK\jre\lib\ext\access-bridge-32.jar;D:\JDK\jre\lib\ext\cldrdata.jar;D:\JDK\jre\lib\ext\dnsns.jar;D:\JDK\jre\lib\ext\jaccess.jar;D:\JDK\jre\lib\ext\jfxrt.jar;D:\JDK\jre\lib\ext\localedata.jar;D:\JDK\jre\lib\ext\nashorn.jar;D:\JDK\jre\lib\ext\sunec.jar;D:\JDK\jre\lib\ext\sunjce_provider.jar;D:\JDK\jre\lib\ext\sunmscapi.jar;D:\JDK\jre\lib\ext\sunpkcs11.jar;D:\JDK\jre\lib\ext\zipfs.jar;D:\JDK\jre\lib\javaws.jar;D:\JDK\jre\lib\jce.jar;D:\JDK\jre\lib\jfr.jar;D:\JDK\jre\lib\jfxswt.jar;D:\JDK\jre\lib\jsse.jar;D:\JDK\jre\lib\management-agent.jar;D:\JDK\jre\lib\plugin.jar;D:\JDK\jre\lib\resources.jar;D:\JDK\jre\lib\rt.jar;D:\SpringStudy\helloworld\target\classes;D:\maven_jar\org\springframework\spring-context\5.0.10.RELEASE\spring-context-5.0.10.RELEASE.jar;D:\maven_jar\org\springframework\spring-aop\5.0.10.RELEASE\spring-aop-5.0.10.RELEASE.jar;D:\maven_jar\org\springframework\spring-beans\5.0.10.RELEASE\spring-beans-5.0.10.RELEASE.jar;D:\maven_jar\org\springframework\spring-core\5.0.10.RELEASE\spring-core-5.0.10.RELEASE.jar;D:\maven_jar\org\springframework\spring-jcl\5.0.10.RELEASE\spring-jcl-5.0.10.RELEASE.jar;D:\maven_jar\org\springframework\spring-expression\5.0.10.RELEASE\spring-expression-5.0.10.RELEASE.jar;D:\maven_jar\org\projectlombok\lombok\1.16.18\lombok-1.16.18.jar;D:\maven_jar\org\slf4j\slf4j-api\1.6.6\slf4j-api-1.6.6.jar;D:\maven_jar\org\slf4j\slf4j-log4j12\1.6.6\slf4j-log4j12-1.6.6.jar;D:\maven_jar\log4j\log4j\1.2.16\log4j-1.2.16.jar;D:\IntelliJ IDEA 2018.2.2\lib\idea_rt.jar, user.name=朱林杰, java.vm.specification.version=1.8, sun.java.command=com.spring.annotation.StudentApp, java.home=D:\JDK\jre, sun.arch.data.model=32, user.language=zh, java.specification.vendor=Oracle Corporation, awt.toolkit=sun.awt.windows.WToolkit, java.vm.info=mixed mode, java.version=1.8.0_66, java.ext.dirs=D:\JDK\jre\lib\ext;C:\WINDOWS\Sun\Java\lib\ext, sun.boot.class.path=D:\JDK\jre\lib\resources.jar;D:\JDK\jre\lib\rt.jar;D:\JDK\jre\lib\sunrsasign.jar;D:\JDK\jre\lib\jsse.jar;D:\JDK\jre\lib\jce.jar;D:\JDK\jre\lib\charsets.jar;D:\JDK\jre\lib\jfr.jar;D:\JDK\jre\classes, java.vendor=Oracle Corporation, file.separator=\, java.vendor.url.bug=http://bugreport.sun.com/bugreport/, sun.io.unicode.encoding=UnicodeLittle, sun.cpu.endian=little, sun.desktop=windows, sun.cpu.isalist=pentium_pro+mmx pentium_pro pentium+mmx pentium i486 i386 i86}}, SystemEnvironmentPropertySource@2186990 {name='systemEnvironment', properties={USERDOMAIN_ROAMINGPROFILE=DESKTOP-G239LRC, LOCALAPPDATA=C:\Users\朱林杰\AppData\Local, MSMPI_BIN=C:\Program Files\Microsoft MPI\Bin\, PROCESSOR_LEVEL=6, USERDOMAIN=DESKTOP-G239LRC, FPS_BROWSER_APP_PROFILE_STRING=Internet Explorer, LOGONSERVER=\\DESKTOP-G239LRC, SESSIONNAME=Console, ALLUSERSPROFILE=C:\ProgramData, PROCESSOR_ARCHITECTURE=x86, PSModulePath=C:\Program Files\WindowsPowerShell\Modules;C:\WINDOWS\system32\WindowsPowerShell\v1.0\Modules;D:\mysql2\MYSQL\130\Tools\PowerShell\Modules\, SystemDrive=C:, OneDrive=C:\Users\朱林杰\OneDrive, APPDATA=C:\Users\朱林杰\AppData\Roaming, USERNAME=朱林杰, ProgramFiles(x86)=C:\Program Files (x86), CommonProgramFiles=C:\Program Files (x86)\Common Files, Path=C:\Program Files\Microsoft MPI\Bin\;C:\Program Files (x86)\Common Files\Oracle\Java\javapath;D:\JAVA\bin;D:\JAVA\jre\bin;D:\mysql2\MYSQL\130\Tools\Binn\;D:\mysql2\130\Tools\Binn\;D:\mysql2\MYSQL\130\DTS\Binn\;D:\mysql2\130\DTS\Binn\;D:\mysql2\Client SDK\ODBC\130\Tools\Binn\;C:\Windows\System32;C:\Program Files (x86)\NVIDIA Corporation\PhysX\Common;C:\Program Files\NVIDIA Corporation\NVIDIA NvDLISR;D:\Git\cmd;C:\Users\朱林杰\AppData\Local\Microsoft\WindowsApps;, FPS_BROWSER_USER_PROFILE_STRING=Default, PATHEXT=.COM;.EXE;.BAT;.CMD;.VBS;.VBE;.JS;.JSE;.WSF;.WSH;.MSC, DriverData=C:\Windows\System32\Drivers\DriverData, OS=Windows_NT, java_home=D:\JAVA, PROCESSOR_ARCHITEW6432=AMD64, COMPUTERNAME=DESKTOP-G239LRC, PROCESSOR_REVISION=9e09, CLASSPATH=.;D:\JAVA\lib;D:\JAVA\lib\tools.jar, CommonProgramW6432=C:\Program Files\Common Files, ComSpec=C:\WINDOWS\system32\cmd.exe, ProgramData=C:\ProgramData, ProgramW6432=C:\Program Files, =D:=D:\, HOMEPATH=\Users\朱林杰, SystemRoot=C:\WINDOWS, TEMP=C:\Users\朱林杰\AppData\Local\Temp, HOMEDRIVE=C:, PROCESSOR_IDENTIFIER=Intel64 Family 6 Model 158 Stepping 9, GenuineIntel, USERPROFILE=C:\Users\朱林杰, TMP=C:\Users\朱林杰\AppData\Local\Temp, CommonProgramFiles(x86)=C:\Program Files (x86)\Common Files, ProgramFiles=C:\Program Files (x86), PUBLIC=C:\Users\Public, NUMBER_OF_PROCESSORS=8, windir=C:\WINDOWS, =::=::\}}]
2019-02-28 10:53:37  INFO AnnotationConfigApplicationContext:588 - Refreshing org.springframework.context.annotation.AnnotationConfigApplicationContext@655221: startup date [Thu Feb 28 10:53:37 CST 2019]; root of context hierarchy
2019-02-28 10:53:37 DEBUG AnnotationConfigApplicationContext:622 - Bean factory for org.springframework.context.annotation.AnnotationConfigApplicationContext@655221: org.springframework.beans.factory.support.DefaultListableBeanFactory@34c75a: defining beans [org.springframework.context.annotation.internalConfigurationAnnotationProcessor,org.springframework.context.annotation.internalAutowiredAnnotationProcessor,org.springframework.context.annotation.internalRequiredAnnotationProcessor,org.springframework.context.annotation.internalCommonAnnotationProcessor,org.springframework.context.event.internalEventListenerProcessor,org.springframework.context.event.internalEventListenerFactory,studentApp]; root of factory hierarchy
2019-02-28 10:53:37 DEBUG DefaultListableBeanFactory:213 - Creating shared instance of singleton bean 'org.springframework.context.annotation.internalConfigurationAnnotationProcessor'
2019-02-28 10:53:37 DEBUG DefaultListableBeanFactory:460 - Creating instance of bean 'org.springframework.context.annotation.internalConfigurationAnnotationProcessor'
2019-02-28 10:53:37 DEBUG DefaultListableBeanFactory:563 - Eagerly caching bean 'org.springframework.context.annotation.internalConfigurationAnnotationProcessor' to allow for resolving potential circular references
2019-02-28 10:53:37 DEBUG DefaultListableBeanFactory:497 - Finished creating instance of bean 'org.springframework.context.annotation.internalConfigurationAnnotationProcessor'
2019-02-28 10:53:37 DEBUG PathMatchingResourcePatternResolver:321 - Resolved classpath location [com/spring/annotation/] to resources [URL [file:/D:/SpringStudy/helloworld/target/classes/com/spring/annotation/]]
2019-02-28 10:53:37 DEBUG PathMatchingResourcePatternResolver:721 - Looking for matching resources in directory tree [D:\SpringStudy\helloworld\target\classes\com\spring\annotation]
2019-02-28 10:53:37 DEBUG PathMatchingResourcePatternResolver:783 - Searching directory [D:\SpringStudy\helloworld\target\classes\com\spring\annotation] for files matching pattern [D:/SpringStudy/helloworld/target/classes/com/spring/annotation/**/*.class]
2019-02-28 10:53:37 DEBUG PathMatchingResourcePatternResolver:514 - Resolved location pattern [classpath*:com/spring/annotation/**/*.class] to resources [file [D:\SpringStudy\helloworld\target\classes\com\spring\annotation\Hello.class], file [D:\SpringStudy\helloworld\target\classes\com\spring\annotation\HelloApp.class], file [D:\SpringStudy\helloworld\target\classes\com\spring\annotation\Phone.class], file [D:\SpringStudy\helloworld\target\classes\com\spring\annotation\Student.class], file [D:\SpringStudy\helloworld\target\classes\com\spring\annotation\StudentApp.class]]
2019-02-28 10:53:37 DEBUG ClassPathBeanDefinitionScanner:437 - Identified candidate component class: file [D:\SpringStudy\helloworld\target\classes\com\spring\annotation\Hello.class]
2019-02-28 10:53:37 DEBUG ClassPathBeanDefinitionScanner:437 - Identified candidate component class: file [D:\SpringStudy\helloworld\target\classes\com\spring\annotation\Phone.class]
2019-02-28 10:53:37 DEBUG ClassPathBeanDefinitionScanner:437 - Identified candidate component class: file [D:\SpringStudy\helloworld\target\classes\com\spring\annotation\Student.class]
2019-02-28 10:53:37 DEBUG DefaultListableBeanFactory:213 - Creating shared instance of singleton bean 'org.springframework.context.annotation.internalAutowiredAnnotationProcessor'
2019-02-28 10:53:37 DEBUG DefaultListableBeanFactory:460 - Creating instance of bean 'org.springframework.context.annotation.internalAutowiredAnnotationProcessor'
2019-02-28 10:53:37 DEBUG DefaultListableBeanFactory:563 - Eagerly caching bean 'org.springframework.context.annotation.internalAutowiredAnnotationProcessor' to allow for resolving potential circular references
2019-02-28 10:53:37 DEBUG DefaultListableBeanFactory:497 - Finished creating instance of bean 'org.springframework.context.annotation.internalAutowiredAnnotationProcessor'
2019-02-28 10:53:37 DEBUG DefaultListableBeanFactory:213 - Creating shared instance of singleton bean 'org.springframework.context.annotation.internalRequiredAnnotationProcessor'
2019-02-28 10:53:37 DEBUG DefaultListableBeanFactory:460 - Creating instance of bean 'org.springframework.context.annotation.internalRequiredAnnotationProcessor'
2019-02-28 10:53:37 DEBUG DefaultListableBeanFactory:563 - Eagerly caching bean 'org.springframework.context.annotation.internalRequiredAnnotationProcessor' to allow for resolving potential circular references
2019-02-28 10:53:37 DEBUG DefaultListableBeanFactory:497 - Finished creating instance of bean 'org.springframework.context.annotation.internalRequiredAnnotationProcessor'
2019-02-28 10:53:37 DEBUG DefaultListableBeanFactory:213 - Creating shared instance of singleton bean 'org.springframework.context.annotation.internalCommonAnnotationProcessor'
2019-02-28 10:53:37 DEBUG DefaultListableBeanFactory:460 - Creating instance of bean 'org.springframework.context.annotation.internalCommonAnnotationProcessor'
2019-02-28 10:53:37 DEBUG DefaultListableBeanFactory:563 - Eagerly caching bean 'org.springframework.context.annotation.internalCommonAnnotationProcessor' to allow for resolving potential circular references
2019-02-28 10:53:37 DEBUG DefaultListableBeanFactory:497 - Finished creating instance of bean 'org.springframework.context.annotation.internalCommonAnnotationProcessor'
2019-02-28 10:53:37 DEBUG AnnotationConfigApplicationContext:739 - Unable to locate MessageSource with name 'messageSource': using default [org.springframework.context.support.DelegatingMessageSource@186a70]
2019-02-28 10:53:37 DEBUG AnnotationConfigApplicationContext:763 - Unable to locate ApplicationEventMulticaster with name 'applicationEventMulticaster': using default [org.springframework.context.event.SimpleApplicationEventMulticaster@4921a5]
2019-02-28 10:53:37 DEBUG DefaultListableBeanFactory:728 - Pre-instantiating singletons in org.springframework.beans.factory.support.DefaultListableBeanFactory@34c75a: defining beans [org.springframework.context.annotation.internalConfigurationAnnotationProcessor,org.springframework.context.annotation.internalAutowiredAnnotationProcessor,org.springframework.context.annotation.internalRequiredAnnotationProcessor,org.springframework.context.annotation.internalCommonAnnotationProcessor,org.springframework.context.event.internalEventListenerProcessor,org.springframework.context.event.internalEventListenerFactory,studentApp,hello,phone,student]; root of factory hierarchy
2019-02-28 10:53:37 DEBUG DefaultListableBeanFactory:254 - Returning cached instance of singleton bean 'org.springframework.context.annotation.internalConfigurationAnnotationProcessor'
2019-02-28 10:53:37 DEBUG DefaultListableBeanFactory:254 - Returning cached instance of singleton bean 'org.springframework.context.annotation.internalAutowiredAnnotationProcessor'
2019-02-28 10:53:37 DEBUG DefaultListableBeanFactory:254 - Returning cached instance of singleton bean 'org.springframework.context.annotation.internalRequiredAnnotationProcessor'
2019-02-28 10:53:37 DEBUG DefaultListableBeanFactory:254 - Returning cached instance of singleton bean 'org.springframework.context.annotation.internalCommonAnnotationProcessor'
2019-02-28 10:53:37 DEBUG DefaultListableBeanFactory:213 - Creating shared instance of singleton bean 'org.springframework.context.event.internalEventListenerProcessor'
2019-02-28 10:53:37 DEBUG DefaultListableBeanFactory:460 - Creating instance of bean 'org.springframework.context.event.internalEventListenerProcessor'
2019-02-28 10:53:37 DEBUG DefaultListableBeanFactory:563 - Eagerly caching bean 'org.springframework.context.event.internalEventListenerProcessor' to allow for resolving potential circular references
2019-02-28 10:53:37 DEBUG DefaultListableBeanFactory:497 - Finished creating instance of bean 'org.springframework.context.event.internalEventListenerProcessor'
2019-02-28 10:53:37 DEBUG DefaultListableBeanFactory:213 - Creating shared instance of singleton bean 'org.springframework.context.event.internalEventListenerFactory'
2019-02-28 10:53:37 DEBUG DefaultListableBeanFactory:460 - Creating instance of bean 'org.springframework.context.event.internalEventListenerFactory'
2019-02-28 10:53:37 DEBUG DefaultListableBeanFactory:563 - Eagerly caching bean 'org.springframework.context.event.internalEventListenerFactory' to allow for resolving potential circular references
2019-02-28 10:53:37 DEBUG DefaultListableBeanFactory:497 - Finished creating instance of bean 'org.springframework.context.event.internalEventListenerFactory'
2019-02-28 10:53:37 DEBUG DefaultListableBeanFactory:213 - Creating shared instance of singleton bean 'studentApp'
2019-02-28 10:53:37 DEBUG DefaultListableBeanFactory:460 - Creating instance of bean 'studentApp'
2019-02-28 10:53:37 DEBUG DefaultListableBeanFactory:563 - Eagerly caching bean 'studentApp' to allow for resolving potential circular references
2019-02-28 10:53:37 DEBUG DefaultListableBeanFactory:497 - Finished creating instance of bean 'studentApp'
2019-02-28 10:53:37 DEBUG DefaultListableBeanFactory:213 - Creating shared instance of singleton bean 'hello'
2019-02-28 10:53:37 DEBUG DefaultListableBeanFactory:460 - Creating instance of bean 'hello'
2019-02-28 10:53:37 DEBUG DefaultListableBeanFactory:563 - Eagerly caching bean 'hello' to allow for resolving potential circular references
2019-02-28 10:53:37 DEBUG DefaultListableBeanFactory:497 - Finished creating instance of bean 'hello'
2019-02-28 10:53:37 DEBUG DefaultListableBeanFactory:213 - Creating shared instance of singleton bean 'phone'
2019-02-28 10:53:37 DEBUG DefaultListableBeanFactory:460 - Creating instance of bean 'phone'
2019-02-28 10:53:37 DEBUG InjectionMetadata:74 - Registered injected element on class [com.spring.annotation.Phone]: AutowiredFieldElement for private java.lang.String com.spring.annotation.Phone.brand
2019-02-28 10:53:37 DEBUG InjectionMetadata:74 - Registered injected element on class [com.spring.annotation.Phone]: AutowiredFieldElement for private double com.spring.annotation.Phone.price
2019-02-28 10:53:37 DEBUG DefaultListableBeanFactory:563 - Eagerly caching bean 'phone' to allow for resolving potential circular references
2019-02-28 10:53:37 DEBUG InjectionMetadata:88 - Processing injected element of bean 'phone': AutowiredFieldElement for private java.lang.String com.spring.annotation.Phone.brand
2019-02-28 10:53:37 DEBUG InjectionMetadata:88 - Processing injected element of bean 'phone': AutowiredFieldElement for private double com.spring.annotation.Phone.price
2019-02-28 10:53:37 DEBUG DefaultListableBeanFactory:497 - Finished creating instance of bean 'phone'
2019-02-28 10:53:37 DEBUG DefaultListableBeanFactory:213 - Creating shared instance of singleton bean 'student'
2019-02-28 10:53:37 DEBUG DefaultListableBeanFactory:460 - Creating instance of bean 'student'
2019-02-28 10:53:37 DEBUG InjectionMetadata:74 - Registered injected element on class [com.spring.annotation.Student]: AutowiredFieldElement for private java.lang.String com.spring.annotation.Student.name
2019-02-28 10:53:37 DEBUG InjectionMetadata:74 - Registered injected element on class [com.spring.annotation.Student]: AutowiredFieldElement for private int com.spring.annotation.Student.age
2019-02-28 10:53:37 DEBUG InjectionMetadata:74 - Registered injected element on class [com.spring.annotation.Student]: AutowiredFieldElement for private com.spring.annotation.Phone com.spring.annotation.Student.phone
2019-02-28 10:53:37 DEBUG DefaultListableBeanFactory:563 - Eagerly caching bean 'student' to allow for resolving potential circular references
2019-02-28 10:53:37 DEBUG InjectionMetadata:88 - Processing injected element of bean 'student': AutowiredFieldElement for private java.lang.String com.spring.annotation.Student.name
2019-02-28 10:53:37 DEBUG InjectionMetadata:88 - Processing injected element of bean 'student': AutowiredFieldElement for private int com.spring.annotation.Student.age
2019-02-28 10:53:37 DEBUG InjectionMetadata:88 - Processing injected element of bean 'student': AutowiredFieldElement for private com.spring.annotation.Phone com.spring.annotation.Student.phone
2019-02-28 10:53:37 DEBUG DefaultListableBeanFactory:254 - Returning cached instance of singleton bean 'phone'
2019-02-28 10:53:37 DEBUG AutowiredAnnotationBeanPostProcessor:527 - Autowiring by type from bean name 'student' to bean named 'phone'
2019-02-28 10:53:37 DEBUG DefaultListableBeanFactory:497 - Finished creating instance of bean 'student'
2019-02-28 10:53:37 DEBUG DefaultListableBeanFactory:254 - Returning cached instance of singleton bean 'org.springframework.context.event.internalEventListenerFactory'
2019-02-28 10:53:37 DEBUG AnnotationConfigApplicationContext:790 - Unable to locate LifecycleProcessor with name 'lifecycleProcessor': using default [org.springframework.context.support.DefaultLifecycleProcessor@1574691]
2019-02-28 10:53:37 DEBUG DefaultListableBeanFactory:254 - Returning cached instance of singleton bean 'lifecycleProcessor'
2019-02-28 10:53:37 DEBUG PropertySourcesPropertyResolver:96 - Could not find key 'spring.liveBeansView.mbeanDomain' in any property source
2019-02-28 10:53:37 DEBUG DefaultListableBeanFactory:254 - Returning cached instance of singleton bean 'student'
2019-02-28 10:54:00  INFO AnnotationConfigApplicationContext:588 - Refreshing org.springframework.context.annotation.AnnotationConfigApplicationContext@655221: startup date [Thu Feb 28 10:54:00 CST 2019]; root of context hierarchy
